<?xml version="1.0" encoding="UTF-8"?>
<!-- Generated by org.testng.reporters.JUnitReportReporter -->
<testsuite hostname="DESKTOP-VHKTSOS" failures="0" tests="5" name="java_project.LoginTest" time="34.208" errors="0" timestamp="2024-07-15T22:04:49 EEST" skipped="0">
  <testcase classname="java_project.LoginTest" name="testLoginFieldsPresence" time="6.470"/>
  <testcase classname="java_project.LoginTest" name="testInvalidCredentials" time="5.815"/>
  <testcase classname="java_project.LoginTest" name="testEmptyPassword" time="9.216"/>
  <testcase classname="java_project.LoginTest" name="testValidCredentials" time="6.725"/>
  <testcase classname="java_project.LoginTest" name="testEmptyUsername" time="5.982"/>
</testsuite> <!-- java_project.LoginTest -->
